<?xml version="1.0" encoding="UTF-8"?>
<!-- Generated by org.testng.reporters.JUnitReportReporter -->
<testsuite hostname="LP-PF5J8MZD" failures="0" tests="5" name="testCases.TC003_LoginDDT" time="42.167" errors="0" timestamp="2026-04-16T11:01:36 IST" skipped="0">
  <testcase classname="testCases.TC003_LoginDDT" name="verify_loginDDT" time="11.865"/>
  <testcase classname="testCases.TC003_LoginDDT" name="verify_loginDDT" time="2.830"/>
  <testcase classname="testCases.TC003_LoginDDT" name="verify_loginDDT" time="3.116"/>
  <testcase classname="testCases.TC003_LoginDDT" name="verify_loginDDT" time="12.576"/>
  <testcase classname="testCases.TC003_LoginDDT" name="verify_loginDDT" time="11.780"/>
</testsuite> <!-- testCases.TC003_LoginDDT -->
